<2025-08-12 23:54:59> [info]: CPU initialized.
<2025-08-12 23:54:59> [trace]: Opening ROM file ('roms/2-ibm-logo.ch8').
<2025-08-12 23:54:59> [trace]: ROM file successfully opened ('roms/2-ibm-logo.ch8')
<2025-08-12 23:54:59> [debug]: buffer size: 132
<2025-08-12 23:55:42> [info]: CPU initialized.
<2025-08-12 23:55:42> [trace]: Opening ROM file ('roms/2-ibm-logo.ch8').
<2025-08-12 23:55:42> [trace]: ROM file successfully opened ('roms/2-ibm-logo.ch8')
<2025-08-12 23:55:42> [debug]: buffer size: 132
<2025-08-13 00:07:03> [info]: CPU initialized.
<2025-08-13 00:07:03> [trace]: Opening ROM file ('roms/2-ibm-logo.ch8').
<2025-08-13 00:07:03> [trace]: ROM file successfully opened ('roms/2-ibm-logo.ch8')
<2025-08-13 00:07:03> [debug]: ROM size: 132
<2025-08-13 00:07:07> [info]: CPU initialized.
<2025-08-13 00:07:07> [trace]: Opening ROM file ('roms/2-ibm-logo.ch8').
<2025-08-13 00:07:07> [trace]: ROM file successfully opened ('roms/2-ibm-logo.ch8')
<2025-08-13 00:07:07> [debug]: ROM size: 132
<2025-08-13 00:07:12> [info]: CPU initialized.
<2025-08-13 00:07:12> [trace]: Opening ROM file ('roms/2-ibm-logo.ch8').
<2025-08-13 00:07:12> [trace]: ROM file successfully opened ('roms/2-ibm-logo.ch8')
<2025-08-13 00:07:12> [debug]: ROM size: 132
<2025-08-13 00:17:27> [info]: CPU initialized.
<2025-08-13 00:17:27> [trace]: Opening ROM file ('roms/2-ibm-logo.ch8').
<2025-08-13 00:17:27> [trace]: ROM file successfully opened ('roms/2-ibm-logo.ch8')
<2025-08-13 00:17:27> [debug]: ROM size ('roms/2-ibm-logo.ch8'): 132 bytes
<2025-08-13 00:17:27> [info]: Succesfully loaded ROM into memory ('roms/2-ibm-logo.ch8')
<2025-08-13 00:18:26> [info]: CPU initialized.
<2025-08-13 00:18:26> [trace]: Opening ROM file ('roms/2-ibm-logo.ch8').
<2025-08-13 00:18:26> [trace]: ROM file successfully opened ('roms/2-ibm-logo.ch8')
<2025-08-13 00:18:26> [debug]: ROM size ('roms/2-ibm-logo.ch8'): 132 bytes
<2025-08-13 00:18:26> [info]: Succesfully loaded ROM into memory ('roms/2-ibm-logo.ch8')
<2025-08-13 00:19:10> [info]: Logger initialized.
<2025-08-13 00:19:10> [info]: CPU initialized.
<2025-08-13 00:19:10> [trace]: Opening ROM file ('roms/2-ibm-logo.ch8').
<2025-08-13 00:19:10> [trace]: ROM file successfully opened ('roms/2-ibm-logo.ch8')
<2025-08-13 00:19:10> [debug]: ROM size ('roms/2-ibm-logo.ch8'): 132 bytes
<2025-08-13 00:19:10> [info]: Succesfully loaded ROM into memory ('roms/2-ibm-logo.ch8')
<2025-08-13 00:23:57> [info]: Logger initialized.
<2025-08-13 00:23:57> [info]: CPU initialized.
<2025-08-13 00:23:57> [trace]: Opening ROM file ('roms/2-ibm-logo.ch8').
<2025-08-13 00:23:57> [trace]: ROM file successfully opened ('roms/2-ibm-logo.ch8')
<2025-08-13 00:23:57> [debug]: ROM size ('roms/2-ibm-logo.ch8'): 132 bytes
<2025-08-13 00:23:57> [info]: Succesfully loaded ROM into memory ('roms/2-ibm-logo.ch8')
